<?xml version="1.0" encoding="UTF-8"?>
<!-- Generated by org.testng.reporters.JUnitXMLReporter -->
<testsuite ignored="0" hostname="vivobook-asuslaptop-x512flc-x512fl" failures="0" tests="9" name="Default test" time="120.816" errors="0" timestamp="2023-10-19T17:39:37 IST">
  <testcase classname="Sanity.Cell_annotation.Testing" name="login" time="11.156"/>
  <testcase classname="Sanity.Cell_annotation.Testing" name="series_set" time="14.198"/>
  <testcase classname="Sanity.Cell_annotation.Testing" name="cellannotation" time="3.103"/>
  <testcase classname="Sanity.Cell_annotation.Testing" name="Tileloading" time="12.598"/>
  <testcase classname="Sanity.Cell_annotation.Testing" name="celldetection" time="23.048"/>
  <testcase classname="Sanity.Cell_annotation.Testing" name="centroidDetection" time="17.036"/>
  <testcase classname="Sanity.Cell_annotation.Testing" name="Rabies" time="17.032"/>
  <testcase classname="Sanity.Cell_annotation.Testing" name="Annotation" time="12.023"/>
  <testcase classname="Sanity.Cell_annotation.Testing" name="save" time="9.03"/>
</testsuite> <!-- Default test -->
