<?xml version="1.0" encoding="UTF-8"?>
<testng-results ignored="0" total="5" passed="5" failed="0" skipped="0">
  <reporter-output>
  </reporter-output>
  <suite started-at="2024-02-13T10:35:00 IST" name="Default suite" finished-at="2024-02-13T10:36:39 IST" duration-ms="98744">
    <groups>
    </groups>
    <test started-at="2024-02-13T10:35:00 IST" name="Default test" finished-at="2024-02-13T10:36:39 IST" duration-ms="98744">
      <class name="Sanity.Cell_annotation.CellDetection_EP8">
        <test-method is-config="true" signature="setup()[pri:0, instance:Sanity.Cell_annotation.CellDetection_EP8@2f217633]" started-at="2024-02-13T10:35:00 IST" name="setup" finished-at="2024-02-13T10:35:01 IST" duration-ms="1338" status="PASS">
          <reporter-output>
          </reporter-output>
        </test-method> <!-- setup -->
        <test-method signature="Login()[pri:1, instance:Sanity.Cell_annotation.CellDetection_EP8@2f217633]" started-at="2024-02-13T10:35:01 IST" name="Login" finished-at="2024-02-13T10:35:32 IST" duration-ms="30318" status="PASS">
          <reporter-output>
          </reporter-output>
        </test-method> <!-- Login -->
        <test-method signature="table()[pri:2, instance:Sanity.Cell_annotation.CellDetection_EP8@2f217633]" started-at="2024-02-13T10:35:32 IST" name="table" finished-at="2024-02-13T10:35:36 IST" duration-ms="3915" status="PASS">
          <reporter-output>
          </reporter-output>
        </test-method> <!-- table -->
        <test-method signature="celldetection()[pri:3, instance:Sanity.Cell_annotation.CellDetection_EP8@2f217633]" started-at="2024-02-13T10:35:36 IST" name="celldetection" finished-at="2024-02-13T10:36:02 IST" duration-ms="25964" status="PASS">
          <reporter-output>
          </reporter-output>
        </test-method> <!-- celldetection -->
        <test-method signature="Goto()[pri:4, instance:Sanity.Cell_annotation.CellDetection_EP8@2f217633]" started-at="2024-02-13T10:36:02 IST" name="Goto" finished-at="2024-02-13T10:36:15 IST" duration-ms="13156" status="PASS">
          <reporter-output>
          </reporter-output>
        </test-method> <!-- Goto -->
        <test-method signature="Tileannotation()[pri:5, instance:Sanity.Cell_annotation.CellDetection_EP8@2f217633]" started-at="2024-02-13T10:36:15 IST" name="Tileannotation" finished-at="2024-02-13T10:36:39 IST" duration-ms="23886" status="PASS">
          <reporter-output>
          </reporter-output>
        </test-method> <!-- Tileannotation -->
        <test-method is-config="true" signature="tearDown()[pri:0, instance:Sanity.Cell_annotation.CellDetection_EP8@2f217633]" started-at="2024-02-13T10:36:39 IST" name="tearDown" finished-at="2024-02-13T10:36:39 IST" duration-ms="138" status="PASS">
          <reporter-output>
          </reporter-output>
        </test-method> <!-- tearDown -->
      </class> <!-- Sanity.Cell_annotation.CellDetection_EP8 -->
    </test> <!-- Default test -->
  </suite> <!-- Default suite -->
</testng-results>
