<?xml version="1.0" encoding="UTF-8"?>
<testng-results ignored="0" total="2" passed="2" failed="0" skipped="0">
  <reporter-output>
  </reporter-output>
  <suite started-at="2024-01-29T10:04:12 IST" name="Default suite" finished-at="2024-01-29T10:05:36 IST" duration-ms="84101">
    <groups>
    </groups>
    <test started-at="2024-01-29T10:04:12 IST" name="Default test" finished-at="2024-01-29T10:05:36 IST" duration-ms="84101">
      <class name="Sanity.Cell_annotation.CellDetection_EP8">
        <test-method is-config="true" signature="setup()[pri:0, instance:Sanity.Cell_annotation.CellDetection_EP8@611889f4]" started-at="2024-01-29T10:04:12 IST" name="setup" finished-at="2024-01-29T10:04:13 IST" duration-ms="651" status="PASS">
          <reporter-output>
          </reporter-output>
        </test-method> <!-- setup -->
        <test-method signature="Login()[pri:1, instance:Sanity.Cell_annotation.CellDetection_EP8@611889f4]" started-at="2024-01-29T10:04:13 IST" name="Login" finished-at="2024-01-29T10:04:37 IST" duration-ms="23911" status="PASS">
          <reporter-output>
          </reporter-output>
        </test-method> <!-- Login -->
        <test-method signature="table()[pri:2, instance:Sanity.Cell_annotation.CellDetection_EP8@611889f4]" started-at="2024-01-29T10:04:37 IST" name="table" finished-at="2024-01-29T10:05:36 IST" duration-ms="59383" status="PASS">
          <reporter-output>
          </reporter-output>
        </test-method> <!-- table -->
        <test-method is-config="true" signature="tearDown()[pri:0, instance:Sanity.Cell_annotation.CellDetection_EP8@611889f4]" started-at="2024-01-29T10:05:36 IST" name="tearDown" finished-at="2024-01-29T10:05:36 IST" duration-ms="123" status="PASS">
          <reporter-output>
          </reporter-output>
        </test-method> <!-- tearDown -->
      </class> <!-- Sanity.Cell_annotation.CellDetection_EP8 -->
    </test> <!-- Default test -->
  </suite> <!-- Default suite -->
</testng-results>
